<?xml version="1.0" encoding="UTF-8"?>
<!-- Generated by org.testng.reporters.JUnitReportReporter -->
<testsuite hostname="DESKTOP-8D5KLFT" failures="0" tests="3" name="TestNgPractice.VtigerNew" time="0.000" errors="0" timestamp="2024-08-30T14:02:08 IST" skipped="3">
  <testcase classname="TestNgPractice.VtigerNew" name="createLead" time="0.000">
    <skipped/>
  </testcase> <!-- createLead -->
  <testcase classname="TestNgPractice.VtigerNew" name="editLead" time="0.000">
    <skipped/>
  </testcase> <!-- editLead -->
  <testcase classname="TestNgPractice.VtigerNew" name="deleteLead" time="0.000">
    <skipped/>
  </testcase> <!-- deleteLead -->
</testsuite> <!-- TestNgPractice.VtigerNew -->
