<?xml version="1.0" encoding="UTF-8"?>
<!-- Generated by org.testng.reporters.JUnitReportReporter -->
<testsuite hostname="DESKTOP-8D5KLFT" failures="0" tests="2" name="OpenCartProject.LoginFunctionalityTest" time="68.014" errors="0" timestamp="2024-09-05T08:26:44 IST" skipped="0">
  <testcase classname="OpenCartProject.LoginFunctionalityTest" name="testValidLogin" time="39.383"/>
  <testcase classname="OpenCartProject.LoginFunctionalityTest" name="testInvalidLogin" time="28.631"/>
</testsuite> <!-- OpenCartProject.LoginFunctionalityTest -->
