<?xml version="1.0" encoding="UTF-8"?>
<!-- Generated by org.testng.reporters.JUnitReportReporter -->
<testsuite hostname="DESKTOP-8D5KLFT" failures="0" tests="2" name="TestNgPractice2.SauceDemoOrder" time="44.676" errors="0" timestamp="2024-08-31T14:48:54 IST" skipped="0">
  <testcase classname="TestNgPractice2.SauceDemoOrder" name="testAddProduct" time="26.546"/>
  <testcase classname="TestNgPractice2.SauceDemoOrder" name="testCheckout" time="18.130"/>
</testsuite> <!-- TestNgPractice2.SauceDemoOrder -->
