<?xml version="1.0" encoding="UTF-8"?>
<!-- Generated by org.testng.reporters.JUnitReportReporter -->
<testsuite hostname="DESKTOP-8D5KLFT" failures="0" tests="1" name="TestNgPractice2.AlertHandling" time="20.865" errors="0" timestamp="2024-08-31T22:00:14 IST" skipped="0">
  <testcase classname="TestNgPractice2.AlertHandling" name="f" time="20.865"/>
</testsuite> <!-- TestNgPractice2.AlertHandling -->
