<?xml version="1.0" encoding="UTF-8"?>
<!-- Generated by org.testng.reporters.JUnitReportReporter -->
<testsuite hostname="DESKTOP-8D5KLFT" failures="0" tests="2" name="ClassAssignments.SauceDemoPractice" time="26.935" errors="0" timestamp="2024-09-20T16:10:27 IST" skipped="0">
  <testcase classname="ClassAssignments.SauceDemoPractice" name="testLoginWithValidCredentials" time="11.740"/>
  <system-out/>
  <testcase classname="ClassAssignments.SauceDemoPractice" name="testAddProductToCart" time="15.195"/>
  <system-out/>
</testsuite> <!-- ClassAssignments.SauceDemoPractice -->
