<?xml version="1.0" encoding="UTF-8"?>
<!-- Generated by org.testng.reporters.JUnitReportReporter -->
<testsuite hostname="DESKTOP-8D5KLFT" failures="0" tests="1" name="Day9.OpenCartLoginExcel" time="18.813" errors="0" timestamp="2024-08-28T13:34:24 IST" skipped="0">
  <testcase classname="Day9.OpenCartLoginExcel" name="preconditions" time="18.813"/>
</testsuite> <!-- Day9.OpenCartLoginExcel -->
