<?xml version="1.0" encoding="UTF-8"?>
<!-- Generated by org.testng.reporters.JUnitReportReporter -->
<testsuite hostname="DESKTOP-8D5KLFT" failures="0" tests="1" name="pageObjectModelPrac.SauceDemoLoginTestPom" time="5.085" errors="0" timestamp="2024-09-04T18:49:58 IST" skipped="0">
  <testcase classname="pageObjectModelPrac.SauceDemoLoginTestPom" name="testLogin" time="5.085"/>
</testsuite> <!-- pageObjectModelPrac.SauceDemoLoginTestPom -->
