<?xml version="1.0" encoding="UTF-8"?>
<!-- Generated by org.testng.reporters.JUnitReportReporter -->
<testsuite hostname="DESKTOP-8D5KLFT" failures="0" tests="1" name="TestNgPractice.VtigerLead" time="40.314" errors="0" timestamp="2024-08-30T14:15:18 IST" skipped="0">
  <testcase classname="TestNgPractice.VtigerLead" name="createLead" time="40.314"/>
</testsuite> <!-- TestNgPractice.VtigerLead -->
