<?xml version="1.0" encoding="UTF-8"?>
<!-- Generated by org.testng.reporters.JUnitReportReporter -->
<testsuite hostname="DESKTOP-8D5KLFT" failures="0" tests="1" name="pageObjectModelPrac.AddToCartValidation" time="0.781" errors="0" timestamp="2024-09-09T04:46:36 IST" skipped="0">
  <testcase classname="pageObjectModelPrac.AddToCartValidation" name="f" time="0.781"/>
</testsuite> <!-- pageObjectModelPrac.AddToCartValidation -->
