<?xml version="1.0" encoding="UTF-8"?>
<!-- Generated by org.testng.reporters.JUnitReportReporter -->
<testsuite hostname="DESKTOP-8D5KLFT" failures="0" tests="4" name="TestNgPractice2.Parameterization" time="37.042" errors="0" timestamp="2024-08-31T13:00:31 IST" skipped="0">
  <testcase classname="TestNgPractice2.Parameterization" name="testCaseTwo" time="0.009"/>
  <testcase classname="TestNgPractice2.Parameterization" name="testCaseThree" time="0.005"/>
  <testcase classname="TestNgPractice2.Parameterization" name="testLoginOfVtiger" time="37.013"/>
  <testcase classname="TestNgPractice2.Parameterization" name="testCaseOne" time="0.015"/>
</testsuite> <!-- TestNgPractice2.Parameterization -->
