<?xml version="1.0" encoding="UTF-8"?>
<!-- Generated by org.testng.reporters.JUnitReportReporter -->
<testsuite hostname="DESKTOP-8D5KLFT" failures="0" tests="1" name="OpenCartProject.ExcelDataTest" time="0.967" errors="0" timestamp="2024-08-28T13:31:44 IST" skipped="0">
  <testcase classname="OpenCartProject.ExcelDataTest" name="f" time="0.967"/>
</testsuite> <!-- OpenCartProject.ExcelDataTest -->
