<?xml version="1.0" encoding="UTF-8"?>
<!-- Generated by org.testng.reporters.JUnitReportReporter -->
<testsuite hostname="DESKTOP-8D5KLFT" failures="0" tests="1" name="TestNgPractice.TestNgPractice" time="0.003" errors="0" timestamp="2024-08-30T14:02:08 IST" skipped="1">
  <testcase classname="TestNgPractice.TestNgPractice" name="testCase" time="0.003">
    <skipped/>
  </testcase> <!-- testCase -->
</testsuite> <!-- TestNgPractice.TestNgPractice -->
