<?xml version="1.0" encoding="UTF-8"?>
<!-- Generated by org.testng.reporters.JUnitReportReporter -->
<testsuite hostname="DESKTOP-8D5KLFT" failures="0" tests="1" name="pageObjectModelPrac.VtigerLoginTest" time="2.050" errors="0" timestamp="2024-09-05T08:24:48 IST" skipped="0">
  <testcase classname="pageObjectModelPrac.VtigerLoginTest" name="testLogin" time="2.050"/>
</testsuite> <!-- pageObjectModelPrac.VtigerLoginTest -->
