<?xml version="1.0" encoding="UTF-8"?>
<!-- Generated by org.testng.reporters.JUnitReportReporter -->
<testsuite hostname="DESKTOP-8D5KLFT" failures="0" tests="1" name="pageObjectModelPrac.OrangeHrmLoginTest" time="2.962" errors="0" timestamp="2024-09-04T23:49:22 IST" skipped="0">
  <testcase classname="pageObjectModelPrac.OrangeHrmLoginTest" name="testLogin" time="2.962"/>
</testsuite> <!-- pageObjectModelPrac.OrangeHrmLoginTest -->
