<?xml version="1.0" encoding="UTF-8"?>
<!-- Generated by org.testng.reporters.JUnitReportReporter -->
<testsuite hostname="DESKTOP-8D5KLFT" failures="0" tests="1" name="TestNgPractice2.SauceDemoPrac" time="3.960" errors="0" timestamp="2024-08-28T20:09:16 IST" skipped="0">
  <testcase classname="TestNgPractice2.SauceDemoPrac" name="loginAndValidate" time="3.960"/>
</testsuite> <!-- TestNgPractice2.SauceDemoPrac -->
