<?xml version="1.0" encoding="UTF-8"?>
<!-- Generated by org.testng.reporters.JUnitReportReporter -->
<testsuite hostname="DESKTOP-8D5KLFT" failures="0" tests="3" name="TestNgPractice.FirstTestCase" time="0.000" errors="0" timestamp="2024-08-30T14:02:08 IST" skipped="3">
  <testcase classname="TestNgPractice.FirstTestCase" name="OrangeHrmPimCreation" time="0.000">
    <skipped/>
  </testcase> <!-- OrangeHrmPimCreation -->
  <testcase classname="TestNgPractice.FirstTestCase" name="test2" time="0.000">
    <skipped/>
  </testcase> <!-- test2 -->
  <testcase classname="TestNgPractice.FirstTestCase" name="test3" time="0.000">
    <skipped/>
  </testcase> <!-- test3 -->
</testsuite> <!-- TestNgPractice.FirstTestCase -->
