<?xml version="1.0" encoding="UTF-8"?>
<!-- Generated by org.testng.reporters.JUnitReportReporter -->
<testsuite hostname="DESKTOP-8D5KLFT" failures="0" tests="1" name="TestNgPractice2.VtigerLoginWithExcel" time="1.097" errors="0" timestamp="2024-08-28T18:32:36 IST" skipped="0">
  <testcase classname="TestNgPractice2.VtigerLoginWithExcel" name="loginAndValidate" time="1.097"/>
</testsuite> <!-- TestNgPractice2.VtigerLoginWithExcel -->
