<?xml version="1.0" encoding="UTF-8"?>
<!-- Generated by org.testng.reporters.JUnitReportReporter -->
<testsuite hostname="DESKTOP-8D5KLFT" failures="0" tests="1" name="TestNgPractice.BrokenLink" time="12.474" errors="0" timestamp="2024-08-19T22:55:16 IST" skipped="0">
  <testcase classname="TestNgPractice.BrokenLink" name="Tc_01" time="12.474"/>
</testsuite> <!-- TestNgPractice.BrokenLink -->
